<?xml version="1.0" encoding="UTF-8"?>
<testng-results skipped="0" failed="0" ignored="0" total="2" passed="2">
  <reporter-output>
  </reporter-output>
  <suite name="Default suite" duration-ms="23074" started-at="2017-07-17T17:13:21Z" finished-at="2017-07-17T17:13:44Z">
    <groups>
    </groups>
    <test name="Default test" duration-ms="23074" started-at="2017-07-17T17:13:21Z" finished-at="2017-07-17T17:13:44Z">
      <class name="testcases.TC_002">
        <test-method status="PASS" signature="testcases1()[pri:0, instance:testcases.TC_002@14acaea5]" name="testcases1" duration-ms="12479" started-at="2017-07-17T20:13:32Z" finished-at="2017-07-17T20:13:44Z">
          <reporter-output>
          </reporter-output>
        </test-method> <!-- testcases1 -->
      </class> <!-- testcases.TC_002 -->
      <class name="testcases.TC_001">
        <test-method status="PASS" signature="testcases1()[pri:0, instance:testcases.TC_001@26be92ad]" name="testcases1" duration-ms="10576" started-at="2017-07-17T20:13:21Z" finished-at="2017-07-17T20:13:32Z">
          <reporter-output>
          </reporter-output>
        </test-method> <!-- testcases1 -->
      </class> <!-- testcases.TC_001 -->
    </test> <!-- Default test -->
  </suite> <!-- Default suite -->
</testng-results>
